c:\users\kamil\desktop\tetris 2.5\tetris\debug\vc140.pdb
c:\users\kamil\desktop\tetris 2.5\tetris\debug\vc140.idb
c:\users\kamil\desktop\tetris 2.5\tetris\debug\score.nativecodeanalysis.xml
c:\users\kamil\desktop\tetris 2.5\tetris\debug\shape.nativecodeanalysis.xml
c:\users\kamil\desktop\tetris 2.5\tetris\debug\tetris.nativecodeanalysis.xml
c:\users\kamil\desktop\tetris 2.5\tetris\debug\getinput.nativecodeanalysis.xml
c:\users\kamil\desktop\tetris 2.5\tetris\debug\scene.nativecodeanalysis.xml
c:\users\kamil\desktop\tetris 2.5\tetris\debug\menu.nativecodeanalysis.xml
c:\users\kamil\desktop\tetris 2.5\tetris\debug\player.nativecodeanalysis.xml
c:\users\kamil\desktop\tetris 2.5\tetris\debug\ranking.nativecodeanalysis.xml
c:\users\kamil\desktop\tetris 2.5\tetris\debug\source.nativecodeanalysis.xml
c:\users\kamil\desktop\tetris 2.5\tetris\debug\source.obj
c:\users\kamil\desktop\tetris 2.5\tetris\debug\ranking.obj
c:\users\kamil\desktop\tetris 2.5\tetris\debug\player.obj
c:\users\kamil\desktop\tetris 2.5\tetris\debug\menu.obj
c:\users\kamil\desktop\tetris 2.5\tetris\debug\scene.obj
c:\users\kamil\desktop\tetris 2.5\tetris\debug\getinput.obj
c:\users\kamil\desktop\tetris 2.5\tetris\debug\tetris.obj
c:\users\kamil\desktop\tetris 2.5\tetris\debug\shape.obj
c:\users\kamil\desktop\tetris 2.5\tetris\debug\score.obj
c:\users\kamil\desktop\tetris 2.5\tetris\debug\howtoplayfile.obj
c:\users\kamil\desktop\tetris 2.5\tetris\debug\loadfile.obj
c:\users\kamil\desktop\tetris 2.5\tetris\debug\game.obj
c:\users\kamil\desktop\tetris 2.5\tetris\debug\console.obj
c:\users\kamil\desktop\tetris 2.5\tetris\debug\file.obj
c:\users\kamil\desktop\tetris 2.5\debug\tetris.ilk
c:\users\kamil\desktop\tetris 2.5\debug\tetris.exe
c:\users\kamil\desktop\tetris 2.5\debug\tetris.pdb
c:\users\kamil\onedrive\projekty\c++\projekty\tetris 2.5\tetris\debug\console.obj
c:\users\kamil\onedrive\projekty\c++\projekty\tetris 2.5\tetris\debug\file.obj
c:\users\kamil\onedrive\projekty\c++\projekty\tetris 2.5\tetris\debug\game.obj
c:\users\kamil\onedrive\projekty\c++\projekty\tetris 2.5\tetris\debug\getinput.obj
c:\users\kamil\onedrive\projekty\c++\projekty\tetris 2.5\tetris\debug\howtoplayfile.obj
c:\users\kamil\onedrive\projekty\c++\projekty\tetris 2.5\tetris\debug\loadfile.obj
c:\users\kamil\onedrive\projekty\c++\projekty\tetris 2.5\tetris\debug\menu.obj
c:\users\kamil\onedrive\projekty\c++\projekty\tetris 2.5\tetris\debug\player.obj
c:\users\kamil\onedrive\projekty\c++\projekty\tetris 2.5\tetris\debug\ranking.obj
c:\users\kamil\onedrive\projekty\c++\projekty\tetris 2.5\tetris\debug\scene.obj
c:\users\kamil\onedrive\projekty\c++\projekty\tetris 2.5\tetris\debug\score.obj
c:\users\kamil\onedrive\projekty\c++\projekty\tetris 2.5\tetris\debug\shape.obj
c:\users\kamil\onedrive\projekty\c++\projekty\tetris 2.5\tetris\debug\source.obj
c:\users\kamil\onedrive\projekty\c++\projekty\tetris 2.5\tetris\debug\tetris.obj
c:\users\kamil\onedrive\projekty\c++\projekty\tetris 2.5\tetris\debug\nativecodeanalysis.read.1.tlog
c:\users\kamil\onedrive\projekty\c++\projekty\tetris 2.5\tetris\debug\vc140.idb
c:\users\kamil\onedrive\projekty\c++\projekty\tetris 2.5\tetris\debug\vc140.pdb
c:\users\kamil\onedrive\projekty\c++\projekty\tetris 2.5\tetris\debug\getinput.nativecodeanalysis.xml
c:\users\kamil\onedrive\projekty\c++\projekty\tetris 2.5\tetris\debug\menu.nativecodeanalysis.xml
c:\users\kamil\onedrive\projekty\c++\projekty\tetris 2.5\tetris\debug\player.nativecodeanalysis.xml
c:\users\kamil\onedrive\projekty\c++\projekty\tetris 2.5\tetris\debug\ranking.nativecodeanalysis.xml
c:\users\kamil\onedrive\projekty\c++\projekty\tetris 2.5\tetris\debug\scene.nativecodeanalysis.xml
c:\users\kamil\onedrive\projekty\c++\projekty\tetris 2.5\tetris\debug\score.nativecodeanalysis.xml
c:\users\kamil\onedrive\projekty\c++\projekty\tetris 2.5\tetris\debug\shape.nativecodeanalysis.xml
c:\users\kamil\onedrive\projekty\c++\projekty\tetris 2.5\tetris\debug\source.nativecodeanalysis.xml
c:\users\kamil\onedrive\projekty\c++\projekty\tetris 2.5\tetris\debug\tetris.nativecodeanalysis.xml
c:\users\kamil\onedrive\projekty\c++\projekty\tetris 2.5\tetris\debug\vc.nativecodeanalysis.all.xml
c:\users\kamil\onedrive\projekty\c++\projekty\tetris 2.5\debug\tetris.pdb
c:\users\kamil\onedrive\projekty\c++\projekty\tetris 2.5\debug\tetris.exe
c:\users\kamil\onedrive\projekty\c++\projekty\tetris 2.5\debug\tetris.ilk
c:\users\kamil\onedrive\projekty\c++\projekty\tetris 2.5\debug\tetris.exe.lastcodeanalysissucceeded
c:\users\kamil\onedrive\projekty\c++\projekty\tetris 2.5\tetris\debug\tetris.tlog\cl.command.1.tlog
c:\users\kamil\onedrive\projekty\c++\projekty\tetris 2.5\tetris\debug\tetris.tlog\cl.read.1.tlog
c:\users\kamil\onedrive\projekty\c++\projekty\tetris 2.5\tetris\debug\tetris.tlog\cl.write.1.tlog
c:\users\kamil\onedrive\projekty\c++\projekty\tetris 2.5\tetris\debug\tetris.tlog\link.command.1.tlog
c:\users\kamil\onedrive\projekty\c++\projekty\tetris 2.5\tetris\debug\tetris.tlog\link.read.1.tlog
c:\users\kamil\onedrive\projekty\c++\projekty\tetris 2.5\tetris\debug\tetris.tlog\link.write.1.tlog
